{
  "stats": {
    "suites": 1,
    "tests": 6,
    "passes": 6,
    "pending": 0,
    "failures": 0,
    "start": "2023-09-30T19:23:57.748Z",
    "end": "2023-09-30T19:23:58.314Z",
    "duration": 566,
    "testsRegistered": 6,
    "passPercent": 100,
    "pendingPercent": 0,
    "other": 0,
    "hasOther": false,
    "skipped": 0,
    "hasSkipped": false
  },
  "results": [
    {
      "uuid": "7a64dc4f-191a-497a-ae00-5e2152f76a74",
      "title": "",
      "fullFile": "cypress/e2e/exercicio-api.cy.js",
      "file": "cypress/e2e/exercicio-api.cy.js",
      "beforeHooks": [],
      "afterHooks": [],
      "tests": [],
      "suites": [
        {
          "uuid": "e806e8d0-ddbf-4a62-8c21-fe0fc9b2d42b",
          "title": "Testes da Funcionalidade Usuários",
          "fullFile": "",
          "file": "",
          "beforeHooks": [],
          "afterHooks": [],
          "tests": [
            {
              "title": "Deve validar contrato de usuários",
              "fullTitle": "Testes da Funcionalidade Usuários Deve validar contrato de usuários",
              "timedOut": null,
              "duration": 110,
              "state": "passed",
              "speed": "fast",
              "pass": true,
              "fail": false,
              "pending": false,
              "context": null,
              "code": "cy.request('usuarios').then(response => {\n  return _usuarios.default.validateAsync(response.body);\n});",
              "err": {},
              "uuid": "6f04d3b1-e9f4-4c62-a849-0fae4cde667c",
              "parentUUID": "e806e8d0-ddbf-4a62-8c21-fe0fc9b2d42b",
              "isHook": false,
              "skipped": false
            },
            {
              "title": "Deve listar usuários cadastrados",
              "fullTitle": "Testes da Funcionalidade Usuários Deve listar usuários cadastrados",
              "timedOut": null,
              "duration": 102,
              "state": "passed",
              "speed": "fast",
              "pass": true,
              "fail": false,
              "pending": false,
              "context": null,
              "code": "cy.request({\n  method: 'GET',\n  url: 'usuarios'\n}).then(response => {\n  expect(response.status).to.equal(200);\n});",
              "err": {},
              "uuid": "59949884-bfdf-47a8-8856-0f4fcf4b79b7",
              "parentUUID": "e806e8d0-ddbf-4a62-8c21-fe0fc9b2d42b",
              "isHook": false,
              "skipped": false
            },
            {
              "title": "Deve cadastrar um usuário com sucesso",
              "fullTitle": "Testes da Funcionalidade Usuários Deve cadastrar um usuário com sucesso",
              "timedOut": null,
              "duration": 64,
              "state": "passed",
              "speed": "fast",
              "pass": true,
              "fail": false,
              "pending": false,
              "context": null,
              "code": "let emailFaker = faker.internet.email();\nlet nomeUsuario = faker.person.fullName();\ncy.criarUsuario(nomeUsuario, emailFaker, 'teste@123', 'true').then(response => {\n  expect(response.body.message).to.equal('Cadastro realizado com sucesso');\n  expect(response.status).to.equal(201);\n});",
              "err": {},
              "uuid": "5dd6f483-c0ca-4f4b-9f66-2e1ba6d662aa",
              "parentUUID": "e806e8d0-ddbf-4a62-8c21-fe0fc9b2d42b",
              "isHook": false,
              "skipped": false
            },
            {
              "title": "Deve validar um usuário com email inválido",
              "fullTitle": "Testes da Funcionalidade Usuários Deve validar um usuário com email inválido",
              "timedOut": null,
              "duration": 21,
              "state": "passed",
              "speed": "fast",
              "pass": true,
              "fail": false,
              "pending": false,
              "context": null,
              "code": "cy.criarUsuario('Usuário EBAC Novo', 'usuarionovo789@ebac.com', 'teste', 'true').then(response => {\n  expect(response.body.message).to.equal('Este email já está sendo usado');\n  expect(response.status).to.equal(400);\n});",
              "err": {},
              "uuid": "db09810a-b787-4b3b-9c2d-9bcd35232ffb",
              "parentUUID": "e806e8d0-ddbf-4a62-8c21-fe0fc9b2d42b",
              "isHook": false,
              "skipped": false
            },
            {
              "title": "Deve editar um usuário previamente cadastrado",
              "fullTitle": "Testes da Funcionalidade Usuários Deve editar um usuário previamente cadastrado",
              "timedOut": null,
              "duration": 37,
              "state": "passed",
              "speed": "fast",
              "pass": true,
              "fail": false,
              "pending": false,
              "context": null,
              "code": "let emailFaker = faker.internet.email();\nlet nomeUsuario = faker.person.fullName();\ncy.criarUsuario(nomeUsuario, emailFaker, 'teste@123', 'true').then(response => {\n  let id = response.body._id;\n  cy.request({\n    method: 'PUT',\n    url: `usuarios/${id}`,\n    body: {\n      \"nome\": nomeUsuario,\n      \"email\": emailFaker,\n      \"password\": \"teste@123\",\n      \"administrador\": \"true\"\n    }\n  });\n}).then(response => {\n  expect(response.body.message).to.equal('Registro alterado com sucesso');\n  expect(response.status).to.equal(200);\n});",
              "err": {},
              "uuid": "2c90ac9f-1283-4374-b05f-37b1ac8696b8",
              "parentUUID": "e806e8d0-ddbf-4a62-8c21-fe0fc9b2d42b",
              "isHook": false,
              "skipped": false
            },
            {
              "title": "Deve deletar um usuário previamente cadastrado",
              "fullTitle": "Testes da Funcionalidade Usuários Deve deletar um usuário previamente cadastrado",
              "timedOut": null,
              "duration": 91,
              "state": "passed",
              "speed": "fast",
              "pass": true,
              "fail": false,
              "pending": false,
              "context": null,
              "code": "let emailFaker = faker.internet.email();\nlet nomeUsuario = faker.person.fullName();\ncy.criarUsuario(nomeUsuario, emailFaker, 'teste@123', 'true').then(response => {\n  let id = response.body._id;\n  expect(response.body.message).to.equal('Cadastro realizado com sucesso');\n  cy.request({\n    method: 'DELETE',\n    url: `usuarios/${id}`\n  }).then(response => {\n    expect(response.body.message).to.equal('Registro excluído com sucesso');\n    expect(response.status).to.equal(200);\n  });\n});",
              "err": {},
              "uuid": "4d20e4aa-5f28-473b-a4c5-92359cfba432",
              "parentUUID": "e806e8d0-ddbf-4a62-8c21-fe0fc9b2d42b",
              "isHook": false,
              "skipped": false
            }
          ],
          "suites": [],
          "passes": [
            "6f04d3b1-e9f4-4c62-a849-0fae4cde667c",
            "59949884-bfdf-47a8-8856-0f4fcf4b79b7",
            "5dd6f483-c0ca-4f4b-9f66-2e1ba6d662aa",
            "db09810a-b787-4b3b-9c2d-9bcd35232ffb",
            "2c90ac9f-1283-4374-b05f-37b1ac8696b8",
            "4d20e4aa-5f28-473b-a4c5-92359cfba432"
          ],
          "failures": [],
          "pending": [],
          "skipped": [],
          "duration": 425,
          "root": false,
          "rootEmpty": false,
          "_timeout": 2000
        }
      ],
      "passes": [],
      "failures": [],
      "pending": [],
      "skipped": [],
      "duration": 0,
      "root": true,
      "rootEmpty": true,
      "_timeout": 2000
    }
  ],
  "meta": {
    "mocha": {
      "version": "7.0.1"
    },
    "mochawesome": {
      "options": {
        "quiet": false,
        "reportFilename": "mochawesome",
        "saveHtml": true,
        "saveJson": true,
        "consoleReporter": "spec",
        "useInlineDiffs": false,
        "code": true
      },
      "version": "7.1.3"
    },
    "marge": {
      "options": {
        "reportDir": "mochawesome-report",
        "overwrite": false,
        "html": true,
        "json": true
      },
      "version": "6.2.0"
    }
  }
}