{
  "stats": {
    "suites": 3,
    "tests": 14,
    "passes": 14,
    "pending": 0,
    "failures": 0,
    "start": "2023-09-21T21:38:36.739Z",
    "end": "2023-09-21T21:38:40.285Z",
    "duration": 466,
    "testsRegistered": 14,
    "passPercent": 100,
    "pendingPercent": 0,
    "other": 0,
    "hasOther": false,
    "skipped": 0,
    "hasSkipped": false
  },
  "results": [
    {
      "uuid": "409cf27e-231e-4c98-a659-5926d886a6af",
      "title": "",
      "fullFile": "cypress/e2e/exercicio-api.cy.js",
      "file": "cypress/e2e/exercicio-api.cy.js",
      "beforeHooks": [],
      "afterHooks": [],
      "tests": [],
      "suites": [
        {
          "uuid": "f8f031ba-e38f-4542-909f-7a494377d0f6",
          "title": "Testes da Funcionalidade Usuários",
          "fullFile": "",
          "file": "",
          "beforeHooks": [],
          "afterHooks": [],
          "tests": [
            {
              "title": "Deve validar contrato de usuários",
              "fullTitle": "Testes da Funcionalidade Usuários Deve validar contrato de usuários",
              "timedOut": null,
              "duration": 46,
              "state": "passed",
              "speed": "fast",
              "pass": true,
              "fail": false,
              "pending": false,
              "context": null,
              "code": "cy.request('usuarios').then(response => {\n  return _usuarios.default.validateAsync(response.body);\n});",
              "err": {},
              "uuid": "bdb66aad-7438-4ed2-86df-1aaf8c42a674",
              "parentUUID": "f8f031ba-e38f-4542-909f-7a494377d0f6",
              "isHook": false,
              "skipped": false
            },
            {
              "title": "Deve listar usuários cadastrados",
              "fullTitle": "Testes da Funcionalidade Usuários Deve listar usuários cadastrados",
              "timedOut": null,
              "duration": 46,
              "state": "passed",
              "speed": "fast",
              "pass": true,
              "fail": false,
              "pending": false,
              "context": null,
              "code": "cy.request({\n  method: 'GET',\n  url: 'usuarios'\n}).then(response => {\n  expect(response.status).to.equal(200);\n});",
              "err": {},
              "uuid": "3de0fe51-13b3-44b5-8a40-20dc787772c0",
              "parentUUID": "f8f031ba-e38f-4542-909f-7a494377d0f6",
              "isHook": false,
              "skipped": false
            },
            {
              "title": "Deve cadastrar um usuário com sucesso",
              "fullTitle": "Testes da Funcionalidade Usuários Deve cadastrar um usuário com sucesso",
              "timedOut": null,
              "duration": 25,
              "state": "passed",
              "speed": "fast",
              "pass": true,
              "fail": false,
              "pending": false,
              "context": null,
              "code": "let emailFaker = faker.internet.email();\nlet nomeUsuario = faker.person.fullName();\ncy.criarUsuario(nomeUsuario, emailFaker, 'teste@123', 'true').then(response => {\n  expect(response.body.message).to.equal('Cadastro realizado com sucesso');\n  expect(response.status).to.equal(201);\n});",
              "err": {},
              "uuid": "4a0045df-5fe6-4540-9cb4-f8b9c8111204",
              "parentUUID": "f8f031ba-e38f-4542-909f-7a494377d0f6",
              "isHook": false,
              "skipped": false
            },
            {
              "title": "Deve validar um usuário com email inválido",
              "fullTitle": "Testes da Funcionalidade Usuários Deve validar um usuário com email inválido",
              "timedOut": null,
              "duration": 21,
              "state": "passed",
              "speed": "fast",
              "pass": true,
              "fail": false,
              "pending": false,
              "context": null,
              "code": "cy.criarUsuario('Usuário EBAC Novo', 'usuarionovo789@ebac.com', 'teste', 'true').then(response => {\n  expect(response.body.message).to.equal('Este email já está sendo usado');\n  expect(response.status).to.equal(400);\n});",
              "err": {},
              "uuid": "a030d072-3d9b-4443-ac7b-1dd2ed9bddd0",
              "parentUUID": "f8f031ba-e38f-4542-909f-7a494377d0f6",
              "isHook": false,
              "skipped": false
            },
            {
              "title": "Deve editar um usuário previamente cadastrado",
              "fullTitle": "Testes da Funcionalidade Usuários Deve editar um usuário previamente cadastrado",
              "timedOut": null,
              "duration": 27,
              "state": "passed",
              "speed": "fast",
              "pass": true,
              "fail": false,
              "pending": false,
              "context": null,
              "code": "let emailFaker = faker.internet.email();\nlet nomeUsuario = faker.person.fullName();\ncy.criarUsuario(nomeUsuario, emailFaker, 'teste@123', 'true').then(response => {\n  let id = response.body._id;\n  cy.request({\n    method: 'PUT',\n    url: `usuarios/${id}`,\n    body: {\n      \"nome\": nomeUsuario,\n      \"email\": emailFaker,\n      \"password\": \"teste@123\",\n      \"administrador\": \"true\"\n    }\n  });\n}).then(response => {\n  expect(response.body.message).to.equal('Registro alterado com sucesso');\n  expect(response.status).to.equal(200);\n});",
              "err": {},
              "uuid": "96adb4ca-f8c5-4a0d-b247-09dc9d0eedec",
              "parentUUID": "f8f031ba-e38f-4542-909f-7a494377d0f6",
              "isHook": false,
              "skipped": false
            },
            {
              "title": "Deve deletar um usuário previamente cadastrado",
              "fullTitle": "Testes da Funcionalidade Usuários Deve deletar um usuário previamente cadastrado",
              "timedOut": null,
              "duration": 24,
              "state": "passed",
              "speed": "fast",
              "pass": true,
              "fail": false,
              "pending": false,
              "context": null,
              "code": "let emailFaker = faker.internet.email();\nlet nomeUsuario = faker.person.fullName();\ncy.criarUsuario(nomeUsuario, emailFaker, 'teste@123', 'true').then(response => {\n  let id = response.body._id;\n  expect(response.body.message).to.equal('Cadastro realizado com sucesso');\n  cy.request({\n    method: 'DELETE',\n    url: `usuarios/${id}`\n  }).then(response => {\n    expect(response.body.message).to.equal('Registro excluído com sucesso');\n    expect(response.status).to.equal(200);\n  });\n});",
              "err": {},
              "uuid": "f055e3f7-05d0-4a35-b971-02294a42cc08",
              "parentUUID": "f8f031ba-e38f-4542-909f-7a494377d0f6",
              "isHook": false,
              "skipped": false
            }
          ],
          "suites": [],
          "passes": [
            "bdb66aad-7438-4ed2-86df-1aaf8c42a674",
            "3de0fe51-13b3-44b5-8a40-20dc787772c0",
            "4a0045df-5fe6-4540-9cb4-f8b9c8111204",
            "a030d072-3d9b-4443-ac7b-1dd2ed9bddd0",
            "96adb4ca-f8c5-4a0d-b247-09dc9d0eedec",
            "f055e3f7-05d0-4a35-b971-02294a42cc08"
          ],
          "failures": [],
          "pending": [],
          "skipped": [],
          "duration": 189,
          "root": false,
          "rootEmpty": false,
          "_timeout": 2000
        }
      ],
      "passes": [],
      "failures": [],
      "pending": [],
      "skipped": [],
      "duration": 0,
      "root": true,
      "rootEmpty": true,
      "_timeout": 2000
    },
    {
      "uuid": "ef5d7069-25e3-472e-a469-e4b25457ab5c",
      "title": "",
      "fullFile": "cypress/e2e/login.cy.js",
      "file": "cypress/e2e/login.cy.js",
      "beforeHooks": [],
      "afterHooks": [],
      "tests": [],
      "suites": [
        {
          "uuid": "03d9fc84-c654-4293-95f9-363cbda353ce",
          "title": "Login",
          "fullFile": "",
          "file": "",
          "beforeHooks": [],
          "afterHooks": [],
          "tests": [
            {
              "title": "Deve fazer login com sucesso",
              "fullTitle": "Login Deve fazer login com sucesso",
              "timedOut": null,
              "duration": 65,
              "state": "passed",
              "speed": "fast",
              "pass": true,
              "fail": false,
              "pending": false,
              "context": null,
              "code": "cy.request({\n  method: 'POST',\n  url: 'login',\n  body: {\n    \"email\": \"fulano@qa.com\",\n    \"password\": \"teste\"\n  }\n}).then(response => {\n  expect(response.status).to.equal(200);\n  expect(response.body.message).to.equal('Login realizado com sucesso');\n  cy.log(response.body.authorization);\n});",
              "err": {},
              "uuid": "fed625ad-a98c-45b5-a84f-6d429680da56",
              "parentUUID": "03d9fc84-c654-4293-95f9-363cbda353ce",
              "isHook": false,
              "skipped": false
            }
          ],
          "suites": [],
          "passes": [
            "fed625ad-a98c-45b5-a84f-6d429680da56"
          ],
          "failures": [],
          "pending": [],
          "skipped": [],
          "duration": 65,
          "root": false,
          "rootEmpty": false,
          "_timeout": 2000
        }
      ],
      "passes": [],
      "failures": [],
      "pending": [],
      "skipped": [],
      "duration": 0,
      "root": true,
      "rootEmpty": true,
      "_timeout": 2000
    },
    {
      "uuid": "6a5cf89c-86a7-4234-b641-25c7449bc9d2",
      "title": "",
      "fullFile": "cypress/e2e/produtos.cy.js",
      "file": "cypress/e2e/produtos.cy.js",
      "beforeHooks": [],
      "afterHooks": [],
      "tests": [],
      "suites": [
        {
          "uuid": "41ac3d36-0044-4a5d-ba95-b05cc034c16e",
          "title": "Testes da Funcionalidade Produtos",
          "fullFile": "",
          "file": "",
          "beforeHooks": [],
          "afterHooks": [],
          "tests": [
            {
              "title": "Deve validar contrato de produtos",
              "fullTitle": "Testes da Funcionalidade Produtos Deve validar contrato de produtos",
              "timedOut": null,
              "duration": 63,
              "state": "passed",
              "speed": "fast",
              "pass": true,
              "fail": false,
              "pending": false,
              "context": null,
              "code": "cy.request('produtos').then(response => {\n  return _produtos.default.validateAsync(response.body);\n});",
              "err": {},
              "uuid": "78cfe711-6583-4b49-b972-0d68dc451609",
              "parentUUID": "41ac3d36-0044-4a5d-ba95-b05cc034c16e",
              "isHook": false,
              "skipped": false
            },
            {
              "title": "Deve listar os produtos cadastrados",
              "fullTitle": "Testes da Funcionalidade Produtos Deve listar os produtos cadastrados",
              "timedOut": null,
              "duration": 39,
              "state": "passed",
              "speed": "fast",
              "pass": true,
              "fail": false,
              "pending": false,
              "context": null,
              "code": "cy.request({\n  method: 'GET',\n  url: 'produtos'\n}).then(response => {\n  //expect(response.body.produtos[9].nome).to.equal('Produto EBAC 436746')\n  expect(response.status).to.equal(200);\n  expect(response.body).to.have.property('produtos');\n  expect(response.duration).to.be.lessThan(20);\n});",
              "err": {},
              "uuid": "b4f8597a-060d-43df-8bac-87b6beb62908",
              "parentUUID": "41ac3d36-0044-4a5d-ba95-b05cc034c16e",
              "isHook": false,
              "skipped": false
            },
            {
              "title": "Deve cadastrar um produto com sucesso",
              "fullTitle": "Testes da Funcionalidade Produtos Deve cadastrar um produto com sucesso",
              "timedOut": null,
              "duration": 17,
              "state": "passed",
              "speed": "fast",
              "pass": true,
              "fail": false,
              "pending": false,
              "context": null,
              "code": "let produto = `Produto EBAC ${Math.floor(Math.random() * 100000000)}`;\ncy.request({\n  method: 'POST',\n  url: 'produtos',\n  body: {\n    \"nome\": produto,\n    \"preco\": 200,\n    \"descricao\": \"Produto novo\",\n    \"quantidade\": 100\n  },\n  headers: {\n    authorization: token\n  }\n}).then(response => {\n  expect(response.status).to.equal(201);\n  expect(response.body.message).to.equal('Cadastro realizado com sucesso');\n});",
              "err": {},
              "uuid": "62fe9219-7041-4fa8-a284-1f2b17d38a6a",
              "parentUUID": "41ac3d36-0044-4a5d-ba95-b05cc034c16e",
              "isHook": false,
              "skipped": false
            },
            {
              "title": "Deve validar mensagem de erro ao cadastrar produto repetido",
              "fullTitle": "Testes da Funcionalidade Produtos Deve validar mensagem de erro ao cadastrar produto repetido",
              "timedOut": null,
              "duration": 14,
              "state": "passed",
              "speed": "fast",
              "pass": true,
              "fail": false,
              "pending": false,
              "context": null,
              "code": "cy.cadastrarProduto(token, 'Produto EBAC Novo 1', 250, \"Descrição do produto novo\", 180).then(response => {\n  expect(response.status).to.equal(400);\n  expect(response.body.message).to.equal('Já existe produto com esse nome');\n});",
              "err": {},
              "uuid": "ad69a7c7-ad25-44cc-846b-29e8ed0e3d50",
              "parentUUID": "41ac3d36-0044-4a5d-ba95-b05cc034c16e",
              "isHook": false,
              "skipped": false
            },
            {
              "title": "Deve editar um produto já cadastrado",
              "fullTitle": "Testes da Funcionalidade Produtos Deve editar um produto já cadastrado",
              "timedOut": null,
              "duration": 38,
              "state": "passed",
              "speed": "fast",
              "pass": true,
              "fail": false,
              "pending": false,
              "context": null,
              "code": "cy.request('produtos').then(response => {\n  let id = response.body.produtos[0]._id;\n  cy.request({\n    method: 'PUT',\n    url: `produtos/${id}`,\n    headers: {\n      authorization: token\n    },\n    body: {\n      \"nome\": \"Produto Editado 45642083\",\n      \"preco\": 100,\n      \"descricao\": \"Produto editado\",\n      \"quantidade\": 100\n    }\n  }).then(response => {\n    expect(response.body.message).to.equal('Registro alterado com sucesso');\n  });\n});",
              "err": {},
              "uuid": "af6aa980-cdb6-4759-9ca2-a8bf3c6b7dad",
              "parentUUID": "41ac3d36-0044-4a5d-ba95-b05cc034c16e",
              "isHook": false,
              "skipped": false
            },
            {
              "title": "Deve editar um produto cadastrado previamente",
              "fullTitle": "Testes da Funcionalidade Produtos Deve editar um produto cadastrado previamente",
              "timedOut": null,
              "duration": 21,
              "state": "passed",
              "speed": "fast",
              "pass": true,
              "fail": false,
              "pending": false,
              "context": null,
              "code": "let produto = `Produto EBAC ${Math.floor(Math.random() * 100000000)}`;\ncy.cadastrarProduto(token, produto, 250, \"Descrição do produto novo\", 180).then(response => {\n  let id = response.body._id;\n  cy.request({\n    method: 'PUT',\n    url: `produtos/${id}`,\n    headers: {\n      authorization: token\n    },\n    body: {\n      \"nome\": produto,\n      \"preco\": 200,\n      \"descricao\": \"Produto editado\",\n      \"quantidade\": 300\n    }\n  }).then(response => {\n    expect(response.body.message).to.equal('Registro alterado com sucesso');\n  });\n});",
              "err": {},
              "uuid": "f6a0bd4e-a203-4cbb-8df8-7f242ce995fc",
              "parentUUID": "41ac3d36-0044-4a5d-ba95-b05cc034c16e",
              "isHook": false,
              "skipped": false
            },
            {
              "title": "Deve deletar um produto previamente cadastrado",
              "fullTitle": "Testes da Funcionalidade Produtos Deve deletar um produto previamente cadastrado",
              "timedOut": null,
              "duration": 20,
              "state": "passed",
              "speed": "fast",
              "pass": true,
              "fail": false,
              "pending": false,
              "context": null,
              "code": "let produto = `Produto EBAC ${Math.floor(Math.random() * 100000000)}`;\ncy.cadastrarProduto(token, produto, 250, \"Descrição do produto novo\", 180).then(response => {\n  let id = response.body._id;\n  cy.request({\n    method: 'DELETE',\n    url: `produtos/${id}`,\n    headers: {\n      authorization: token\n    }\n  }).then(response => {\n    expect(response.body.message).to.equal('Registro excluído com sucesso');\n    expect(response.status).to.equal(200);\n  });\n});",
              "err": {},
              "uuid": "64047d9a-9860-44d2-9b49-1aadb5f6e19b",
              "parentUUID": "41ac3d36-0044-4a5d-ba95-b05cc034c16e",
              "isHook": false,
              "skipped": false
            }
          ],
          "suites": [],
          "passes": [
            "78cfe711-6583-4b49-b972-0d68dc451609",
            "b4f8597a-060d-43df-8bac-87b6beb62908",
            "62fe9219-7041-4fa8-a284-1f2b17d38a6a",
            "ad69a7c7-ad25-44cc-846b-29e8ed0e3d50",
            "af6aa980-cdb6-4759-9ca2-a8bf3c6b7dad",
            "f6a0bd4e-a203-4cbb-8df8-7f242ce995fc",
            "64047d9a-9860-44d2-9b49-1aadb5f6e19b"
          ],
          "failures": [],
          "pending": [],
          "skipped": [],
          "duration": 212,
          "root": false,
          "rootEmpty": false,
          "_timeout": 2000
        }
      ],
      "passes": [],
      "failures": [],
      "pending": [],
      "skipped": [],
      "duration": 0,
      "root": true,
      "rootEmpty": true,
      "_timeout": 2000
    }
  ],
  "meta": {
    "mocha": {
      "version": "7.0.1"
    },
    "mochawesome": {
      "options": {
        "quiet": false,
        "reportFilename": "mochawesome",
        "saveHtml": true,
        "saveJson": true,
        "consoleReporter": "spec",
        "useInlineDiffs": false,
        "code": true
      },
      "version": "7.1.3"
    },
    "marge": {
      "options": {
        "reportDir": "mochawesome-report",
        "overwrite": false,
        "html": true,
        "json": true
      },
      "version": "6.2.0"
    }
  }
}