{
  "stats": {
    "suites": 1,
    "tests": 1,
    "passes": 1,
    "pending": 0,
    "failures": 0,
    "start": "2023-09-14T23:52:45.471Z",
    "end": "2023-09-14T23:52:45.680Z",
    "duration": 209,
    "testsRegistered": 1,
    "passPercent": 100,
    "pendingPercent": 0,
    "other": 0,
    "hasOther": false,
    "skipped": 0,
    "hasSkipped": false
  },
  "results": [
    {
      "uuid": "abc561f4-8483-4983-b601-236fc5c5d9a5",
      "title": "",
      "fullFile": "cypress/e2e/produtos.cy.js",
      "file": "cypress/e2e/produtos.cy.js",
      "beforeHooks": [],
      "afterHooks": [],
      "tests": [],
      "suites": [
        {
          "uuid": "65114ab0-e497-427e-be50-605025ac23a2",
          "title": "Teste da funcionalidade Produtos",
          "fullFile": "",
          "file": "",
          "beforeHooks": [],
          "afterHooks": [],
          "tests": [
            {
              "title": "Deve validar contrato de produtos",
              "fullTitle": "Teste da funcionalidade Produtos Deve validar contrato de produtos",
              "timedOut": null,
              "duration": 173,
              "state": "passed",
              "speed": "fast",
              "pass": true,
              "fail": false,
              "pending": false,
              "context": null,
              "code": "cy.request('produtos').then(response => {\n  return _produtos.default.validateAsync(response.body);\n});",
              "err": {},
              "uuid": "96bafcf5-a612-42a2-827f-5914a05a9dfc",
              "parentUUID": "65114ab0-e497-427e-be50-605025ac23a2",
              "isHook": false,
              "skipped": false
            }
          ],
          "suites": [],
          "passes": [
            "96bafcf5-a612-42a2-827f-5914a05a9dfc"
          ],
          "failures": [],
          "pending": [],
          "skipped": [],
          "duration": 173,
          "root": false,
          "rootEmpty": false,
          "_timeout": 2000
        }
      ],
      "passes": [],
      "failures": [],
      "pending": [],
      "skipped": [],
      "duration": 0,
      "root": true,
      "rootEmpty": true,
      "_timeout": 2000
    }
  ],
  "meta": {
    "mocha": {
      "version": "7.0.1"
    },
    "mochawesome": {
      "options": {
        "quiet": false,
        "reportFilename": "mochawesome",
        "saveHtml": false,
        "saveJson": true,
        "consoleReporter": "spec",
        "useInlineDiffs": false,
        "code": true
      },
      "version": "7.1.3"
    },
    "marge": {
      "options": {
        "reportDir": "mochawesome-report",
        "overwrite": false,
        "html": false,
        "json": true
      },
      "version": "6.2.0"
    }
  }
}